<?xml version="1.0" encoding="UTF-8"?>
<!-- Generated by org.testng.reporters.JUnitXMLReporter -->
<testsuite hostname="admin-desktop" ignored="0" name="Default test" tests="4" failures="0" timestamp="2019-12-20T18:23:00 IST" time="7.247" errors="0">
  <testcase name="loginPageTitleTest" time="0.017" classname="com.bridgelabz.qa.testcases.RegisterPageTest"/>
  <testcase name="submitTest" time="0.736" classname="com.bridgelabz.qa.testcases.RegisterPageTest"/>
  <testcase name="submitTest" time="0.64" classname="com.bridgelabz.qa.testcases.RegisterPageTest"/>
  <testcase name="submitTest" time="0.643" classname="com.bridgelabz.qa.testcases.RegisterPageTest"/>
</testsuite> <!-- Default test -->
