<?xml version="1.0" encoding="UTF-8"?>
<!-- Generated by org.testng.reporters.JUnitXMLReporter -->
<testsuite hostname="admin-desktop" ignored="0" name="Command line test" tests="20" failures="0" timestamp="2019-12-02T18:00:24 IST" time="40.461" errors="0">
  <testcase name="indexPageTitleTest" time="0.009" classname="com.bridgelabz.qa.testcases.IndexPageTest"/>
  <testcase name="loginLinkTest" time="0.097" classname="com.bridgelabz.qa.testcases.IndexPageTest"/>
  <testcase name="registerLinkTest" time="0.09" classname="com.bridgelabz.qa.testcases.IndexPageTest"/>
  <testcase name="loginBtnTest" time="0.241" classname="com.bridgelabz.qa.testcases.LoginPageTest"/>
  <testcase name="loginPageTitleTest" time="0.004" classname="com.bridgelabz.qa.testcases.LoginPageTest"/>
  <testcase name="loginTest" time="0.239" classname="com.bridgelabz.qa.testcases.LoginPageTest"/>
  <testcase name="loginTest" time="0.236" classname="com.bridgelabz.qa.testcases.LoginPageTest"/>
  <testcase name="forgottPasswordTest" time="0.101" classname="com.bridgelabz.qa.testcases.LoginPageTest"/>
  <testcase name="resetPasswordPageTitleTest" time="0.004" classname="com.bridgelabz.qa.testcases.ResetPasswordPageTest"/>
  <testcase name="submitTest" time="0.216" classname="com.bridgelabz.qa.testcases.ResetPasswordPageTest"/>
  <testcase name="loginPageTitleTest" time="0.011" classname="com.bridgelabz.qa.testcases.RegisterPageTest"/>
  <testcase name="submitTest" time="0.583" classname="com.bridgelabz.qa.testcases.RegisterPageTest"/>
  <testcase name="submitTest" time="0.653" classname="com.bridgelabz.qa.testcases.RegisterPageTest"/>
  <testcase name="welcomePageTitleTest" time="0.007" classname="com.bridgelabz.qa.testcases.WelcomePageTest"/>
  <testcase name="UsernameLableTest" time="0.089" classname="com.bridgelabz.qa.testcases.WelcomePageTest"/>
  <testcase name="videoLinkTest" time="1.392" classname="com.bridgelabz.qa.testcases.WelcomePageTest"/>
  <testcase name="websiteLinkTest" time="0.099" classname="com.bridgelabz.qa.testcases.WelcomePageTest"/>
  <testcase name="logoutTest" time="0.087" classname="com.bridgelabz.qa.testcases.WelcomePageTest"/>
  <testcase name="forgottPasswordPageTitleTest" time="0.004" classname="com.bridgelabz.qa.testcases.ForgottPasswordPageTest"/>
  <testcase name="submitTest" time="0.378" classname="com.bridgelabz.qa.testcases.ForgottPasswordPageTest"/>
</testsuite> <!-- Command line test -->
