<?xml version="1.0" encoding="UTF-8" ?>
<testsuite tests="20" failures="0" name="TestSuite" time="4.543" errors="0" skipped="0">
  <properties>
[...]
</properties>
  <testcase classname="com.bridgelabz.qa.testcases.IndexPageTest" name="indexPageTitleTest" time="0.01"/>
  <testcase classname="com.bridgelabz.qa.testcases.IndexPageTest" name="loginLinkTest" time="0.098"/>
  <testcase classname="com.bridgelabz.qa.testcases.IndexPageTest" name="registerLinkTest" time="0.091"/>
  <testcase classname="com.bridgelabz.qa.testcases.LoginPageTest" name="loginBtnTest" time="0.241"/>
  <testcase classname="com.bridgelabz.qa.testcases.LoginPageTest" name="loginPageTitleTest" time="0.003"/>
  <testcase classname="com.bridgelabz.qa.testcases.LoginPageTest" name="loginTest" time="0.245"/>
  <testcase classname="com.bridgelabz.qa.testcases.LoginPageTest" name="loginTest" time="0.236"/>
  <testcase classname="com.bridgelabz.qa.testcases.LoginPageTest" name="forgottPasswordTest" time="0.102"/>
  <testcase classname="com.bridgelabz.qa.testcases.ResetPasswordPageTest" name="resetPasswordPageTitleTest" time="0.003"/>
  <testcase classname="com.bridgelabz.qa.testcases.ResetPasswordPageTest" name="submitTest" time="0.216"/>
  <testcase classname="com.bridgelabz.qa.testcases.RegisterPageTest" name="loginPageTitleTest" time="0.011"/>
  <testcase classname="com.bridgelabz.qa.testcases.RegisterPageTest" name="submitTest" time="0.583"/>
  <testcase classname="com.bridgelabz.qa.testcases.RegisterPageTest" name="submitTest" time="0.65"/>
  <testcase classname="com.bridgelabz.qa.testcases.WelcomePageTest" name="welcomePageTitleTest" time="0.006"/>
  <testcase classname="com.bridgelabz.qa.testcases.WelcomePageTest" name="UsernameLableTest" time="0.088"/>
  <testcase classname="com.bridgelabz.qa.testcases.WelcomePageTest" name="videoLinkTest" time="1.391"/>
  <testcase classname="com.bridgelabz.qa.testcases.WelcomePageTest" name="websiteLinkTest" time="0.098"/>
  <testcase classname="com.bridgelabz.qa.testcases.WelcomePageTest" name="logoutTest" time="0.088"/>
  <testcase classname="com.bridgelabz.qa.testcases.ForgottPasswordPageTest" name="forgottPasswordPageTitleTest" time="0.004"/>
  <testcase classname="com.bridgelabz.qa.testcases.ForgottPasswordPageTest" name="submitTest" time="0.379"/>
</testsuite>