<?xml version="1.0" encoding="UTF-8"?>
<!-- Generated by org.testng.reporters.JUnitXMLReporter -->
<testsuite hostname="admin-desktop" ignored="0" name="Login Application test cases" tests="22" failures="0" timestamp="2019-12-20T16:52:52 IST" time="44.04" errors="0">
  <testcase name="indexPageTitleTest" time="0.012" classname="com.bridgelabz.qa.testcases.IndexPageTest"/>
  <testcase name="loginLinkTest" time="0.102" classname="com.bridgelabz.qa.testcases.IndexPageTest"/>
  <testcase name="registerLinkTest" time="0.11" classname="com.bridgelabz.qa.testcases.IndexPageTest"/>
  <testcase name="loginPageTitleTest" time="0.008" classname="com.bridgelabz.qa.testcases.LoginPageTest"/>
  <testcase name="loginTest" time="0.275" classname="com.bridgelabz.qa.testcases.LoginPageTest"/>
  <testcase name="loginTest" time="0.279" classname="com.bridgelabz.qa.testcases.LoginPageTest"/>
  <testcase name="loginTest" time="0.22" classname="com.bridgelabz.qa.testcases.LoginPageTest"/>
  <testcase name="forgottPasswordTest" time="0.078" classname="com.bridgelabz.qa.testcases.LoginPageTest"/>
  <testcase name="loginPageTitleTest" time="0.012" classname="com.bridgelabz.qa.testcases.RegisterPageTest"/>
  <testcase name="submitTest" time="0.0" classname="com.bridgelabz.qa.testcases.RegisterPageTest">
    <skipped/>
  </testcase> <!-- submitTest -->
  <testcase name="welcomePageTitleTest" time="0.004" classname="com.bridgelabz.qa.testcases.WelcomePageTest"/>
  <testcase name="UsernameLableTest" time="0.1" classname="com.bridgelabz.qa.testcases.WelcomePageTest"/>
  <testcase name="videoLinkTest" time="1.514" classname="com.bridgelabz.qa.testcases.WelcomePageTest"/>
  <testcase name="websiteLinkDisplayTestTest" time="0.088" classname="com.bridgelabz.qa.testcases.WelcomePageTest"/>
  <testcase name="websiteLinkTest" time="7.201" classname="com.bridgelabz.qa.testcases.WelcomePageTest"/>
  <testcase name="logoutTest" time="0.083" classname="com.bridgelabz.qa.testcases.WelcomePageTest"/>
  <testcase name="forgottPasswordPageTitleTest" time="0.009" classname="com.bridgelabz.qa.testcases.ForgottPasswordPageTest"/>
  <testcase name="submitTest" time="0.275" classname="com.bridgelabz.qa.testcases.ForgottPasswordPageTest"/>
  <testcase name="resetPasswordPageTitleTest" time="0.01" classname="com.bridgelabz.qa.testcases.ResetPasswordPageTest"/>
  <testcase name="submitTest" time="0.232" classname="com.bridgelabz.qa.testcases.ResetPasswordPageTest"/>
  <testcase name="videoPageTitleTest" time="0.013" classname="com.bridgelabz.qa.testcases.VideoPageTest"/>
  <testcase name="logoutBtnTest" time="0.086" classname="com.bridgelabz.qa.testcases.VideoPageTest"/>
</testsuite> <!-- Login Application test cases -->
