<?xml version="1.0" encoding="UTF-8"?>
<testng-results skipped="0" failed="0" ignored="0" total="4" passed="4">
  <reporter-output>
  </reporter-output>
  <suite name="Default suite" duration-ms="7247" started-at="2019-12-20T18:22:53 IST" finished-at="2019-12-20T18:23:00 IST">
    <groups>
    </groups>
    <test name="Default test" duration-ms="7247" started-at="2019-12-20T18:22:53 IST" finished-at="2019-12-20T18:23:00 IST">
      <class name="com.bridgelabz.qa.testcases.RegisterPageTest">
        <test-method status="PASS" signature="setUp()[pri:0, instance:com.bridgelabz.qa.testcases.RegisterPageTest@2a17b7b6]" name="setUp" is-config="true" duration-ms="1460" started-at="2019-12-20T18:22:53 IST" finished-at="2019-12-20T18:22:55 IST">
          <reporter-output>
          </reporter-output>
        </test-method> <!-- setUp -->
        <test-method status="PASS" signature="loginPageTitleTest()[pri:1, instance:com.bridgelabz.qa.testcases.RegisterPageTest@2a17b7b6]" name="loginPageTitleTest" duration-ms="17" started-at="2019-12-20T18:22:55 IST" finished-at="2019-12-20T18:22:55 IST">
          <reporter-output>
          </reporter-output>
        </test-method> <!-- loginPageTitleTest -->
        <test-method status="PASS" signature="tearDown()[pri:0, instance:com.bridgelabz.qa.testcases.RegisterPageTest@2a17b7b6]" name="tearDown" is-config="true" duration-ms="73" started-at="2019-12-20T18:22:55 IST" finished-at="2019-12-20T18:22:55 IST">
          <reporter-output>
          </reporter-output>
        </test-method> <!-- tearDown -->
        <test-method status="PASS" signature="setUp()[pri:0, instance:com.bridgelabz.qa.testcases.RegisterPageTest@2a17b7b6]" name="setUp" is-config="true" duration-ms="916" started-at="2019-12-20T18:22:55 IST" finished-at="2019-12-20T18:22:56 IST">
          <reporter-output>
          </reporter-output>
        </test-method> <!-- setUp -->
        <test-method status="PASS" signature="submitTest(java.lang.String, java.lang.String, java.lang.String, java.lang.String, java.lang.String, java.lang.String, java.lang.String)[pri:2, instance:com.bridgelabz.qa.testcases.RegisterPageTest@2a17b7b6]" name="submitTest" duration-ms="736" started-at="2019-12-20T18:22:56 IST" data-provider="getRegisterTestData" finished-at="2019-12-20T18:22:57 IST">
          <params>
            <param index="0">
              <value>
                <![CDATA[sachin@123]]>
              </value>
            </param>
            <param index="1">
              <value>
                <![CDATA[Sachin Barpete]]>
              </value>
            </param>
            <param index="2">
              <value>
                <![CDATA[8.109555221E9]]>
              </value>
            </param>
            <param index="3">
              <value>
                <![CDATA[barpetesachin@gmail.com]]>
              </value>
            </param>
            <param index="4">
              <value>
                <![CDATA[mumbai]]>
              </value>
            </param>
            <param index="5">
              <value>
                <![CDATA[12345.0]]>
              </value>
            </param>
            <param index="6">
              <value>
                <![CDATA[12345.0]]>
              </value>
            </param>
          </params>
          <reporter-output>
          </reporter-output>
        </test-method> <!-- submitTest -->
        <test-method status="PASS" signature="tearDown()[pri:0, instance:com.bridgelabz.qa.testcases.RegisterPageTest@2a17b7b6]" name="tearDown" is-config="true" duration-ms="69" started-at="2019-12-20T18:22:57 IST" finished-at="2019-12-20T18:22:57 IST">
          <reporter-output>
          </reporter-output>
        </test-method> <!-- tearDown -->
        <test-method status="PASS" signature="setUp()[pri:0, instance:com.bridgelabz.qa.testcases.RegisterPageTest@2a17b7b6]" name="setUp" is-config="true" duration-ms="1021" started-at="2019-12-20T18:22:57 IST" finished-at="2019-12-20T18:22:58 IST">
          <reporter-output>
          </reporter-output>
        </test-method> <!-- setUp -->
        <test-method status="PASS" signature="submitTest(java.lang.String, java.lang.String, java.lang.String, java.lang.String, java.lang.String, java.lang.String, java.lang.String)[pri:2, instance:com.bridgelabz.qa.testcases.RegisterPageTest@2a17b7b6]" name="submitTest" duration-ms="640" started-at="2019-12-20T18:22:58 IST" data-provider="getRegisterTestData" finished-at="2019-12-20T18:22:58 IST">
          <params>
            <param index="0">
              <value>
                <![CDATA[john@123]]>
              </value>
            </param>
            <param index="1">
              <value>
                <![CDATA[John]]>
              </value>
            </param>
            <param index="2">
              <value>
                <![CDATA[9.039417404E9]]>
              </value>
            </param>
            <param index="3">
              <value>
                <![CDATA[john@gmail.com]]>
              </value>
            </param>
            <param index="4">
              <value>
                <![CDATA[bangalore]]>
              </value>
            </param>
            <param index="5">
              <value>
                <![CDATA[12345.0]]>
              </value>
            </param>
            <param index="6">
              <value>
                <![CDATA[12345.0]]>
              </value>
            </param>
          </params>
          <reporter-output>
          </reporter-output>
        </test-method> <!-- submitTest -->
        <test-method status="PASS" signature="tearDown()[pri:0, instance:com.bridgelabz.qa.testcases.RegisterPageTest@2a17b7b6]" name="tearDown" is-config="true" duration-ms="68" started-at="2019-12-20T18:22:58 IST" finished-at="2019-12-20T18:22:59 IST">
          <reporter-output>
          </reporter-output>
        </test-method> <!-- tearDown -->
        <test-method status="PASS" signature="setUp()[pri:0, instance:com.bridgelabz.qa.testcases.RegisterPageTest@2a17b7b6]" name="setUp" is-config="true" duration-ms="1134" started-at="2019-12-20T18:22:59 IST" finished-at="2019-12-20T18:23:00 IST">
          <reporter-output>
          </reporter-output>
        </test-method> <!-- setUp -->
        <test-method status="PASS" signature="submitTest(java.lang.String, java.lang.String, java.lang.String, java.lang.String, java.lang.String, java.lang.String, java.lang.String)[pri:2, instance:com.bridgelabz.qa.testcases.RegisterPageTest@2a17b7b6]" name="submitTest" duration-ms="643" started-at="2019-12-20T18:23:00 IST" data-provider="getRegisterTestData" finished-at="2019-12-20T18:23:00 IST">
          <params>
            <param index="0">
              <value>
                <![CDATA[smith123]]>
              </value>
            </param>
            <param index="1">
              <value>
                <![CDATA[Smith]]>
              </value>
            </param>
            <param index="2">
              <value>
                <![CDATA[8.770709694E9]]>
              </value>
            </param>
            <param index="3">
              <value>
                <![CDATA[smith@gmail.com]]>
              </value>
            </param>
            <param index="4">
              <value>
                <![CDATA[pune]]>
              </value>
            </param>
            <param index="5">
              <value>
                <![CDATA[smith123]]>
              </value>
            </param>
            <param index="6">
              <value>
                <![CDATA[smith123]]>
              </value>
            </param>
          </params>
          <reporter-output>
          </reporter-output>
        </test-method> <!-- submitTest -->
        <test-method status="PASS" signature="tearDown()[pri:0, instance:com.bridgelabz.qa.testcases.RegisterPageTest@2a17b7b6]" name="tearDown" is-config="true" duration-ms="71" started-at="2019-12-20T18:23:00 IST" finished-at="2019-12-20T18:23:00 IST">
          <reporter-output>
          </reporter-output>
        </test-method> <!-- tearDown -->
      </class> <!-- com.bridgelabz.qa.testcases.RegisterPageTest -->
    </test> <!-- Default test -->
  </suite> <!-- Default suite -->
</testng-results>
